[22:48:42] [main/INFO]: Loading Minecraft 1.21 with Fabric Loader 0.16.3
[22:48:42] [main/INFO]: Loading 4 mods:
	- fabricloader 0.16.3
	   \-- mixinextras 0.4.1
	- java 21
	- minecraft 1.21
[22:48:42] [main/INFO]: SpongePowered MIXIN Subsystem Version=0.8.7 Source=file:/workspaces/ServerDeLaMam-DeXime/servidor_minecraft/libraries/net/fabricmc/sponge-mixin/0.15.2+mixin.0.8.7/sponge-mixin-0.15.2+mixin.0.8.7.jar Service=Knot/Fabric Env=SERVER
[22:48:48] [main/INFO]: Environment: Environment[sessionHost=https://sessionserver.mojang.com, servicesHost=https://api.minecraftservices.com, name=PROD]
[22:48:49] [main/INFO]: No existing world data, creating new world
[22:48:50] [main/INFO]: Loaded 1290 recipes
[22:48:50] [main/INFO]: Loaded 1399 advancements
[22:48:51] [Server thread/INFO]: Starting minecraft server version 1.21
[22:48:51] [Server thread/INFO]: Loading properties
[22:48:51] [Server thread/INFO]: Default game type: SURVIVAL
[22:48:51] [Server thread/INFO]: Generating keypair
[22:48:51] [Server console handler/ERROR]: Exception handling console input
java.io.IOException: Input/output error
	at java.base/java.io.FileInputStream.readBytes(Native Method) ~[?:?]
	at java.base/java.io.FileInputStream.read(FileInputStream.java:287) ~[?:?]
	at java.base/java.io.BufferedInputStream.read1(BufferedInputStream.java:345) ~[?:?]
	at java.base/java.io.BufferedInputStream.implRead(BufferedInputStream.java:420) ~[?:?]
	at java.base/java.io.BufferedInputStream.read(BufferedInputStream.java:399) ~[?:?]
	at java.base/sun.nio.cs.StreamDecoder.readBytes(StreamDecoder.java:350) ~[?:?]
	at java.base/sun.nio.cs.StreamDecoder.implRead(StreamDecoder.java:393) ~[?:?]
	at java.base/sun.nio.cs.StreamDecoder.lockedRead(StreamDecoder.java:217) ~[?:?]
	at java.base/sun.nio.cs.StreamDecoder.read(StreamDecoder.java:171) ~[?:?]
	at java.base/java.io.InputStreamReader.read(InputStreamReader.java:188) ~[?:?]
	at java.base/java.io.BufferedReader.fill(BufferedReader.java:160) ~[?:?]
	at java.base/java.io.BufferedReader.implReadLine(BufferedReader.java:370) ~[?:?]
	at java.base/java.io.BufferedReader.readLine(BufferedReader.java:347) ~[?:?]
	at java.base/java.io.BufferedReader.readLine(BufferedReader.java:436) ~[?:?]
	at net.minecraft.class_3176$1.run(class_3176.java:103) [server-intermediary.jar:?]
[22:48:51] [Server thread/INFO]: Starting Minecraft server on *:25565
[22:48:51] [Server thread/INFO]: Using epoll channel type
[22:48:51] [Server thread/WARN]: **** SERVER IS RUNNING IN OFFLINE/INSECURE MODE!
[22:48:51] [Server thread/WARN]: The server will make no attempt to authenticate usernames. Beware.
[22:48:51] [Server thread/WARN]: While this makes the game possible to play without internet access, it also opens up the ability for hackers to connect with any username they choose.
[22:48:51] [Server thread/WARN]: To change this, set "online-mode" to "true" in the server.properties file.
[22:48:51] [Server thread/INFO]: Preparing level "world"
[22:48:57] [Server thread/INFO]: Preparing start region for dimension minecraft:overworld
[22:48:57] [Worker-Main-3/INFO]: Preparing spawn area: 2%
[22:48:57] [Worker-Main-3/INFO]: Preparing spawn area: 2%
[22:48:58] [Worker-Main-3/INFO]: Preparing spawn area: 2%
[22:48:58] [Worker-Main-1/INFO]: Preparing spawn area: 2%
[22:48:59] [Worker-Main-2/INFO]: Preparing spawn area: 18%
[22:48:59] [Worker-Main-3/INFO]: Preparing spawn area: 18%
[22:49:00] [Worker-Main-3/INFO]: Preparing spawn area: 32%
[22:49:00] [Worker-Main-1/INFO]: Preparing spawn area: 51%
[22:49:01] [Worker-Main-1/INFO]: Preparing spawn area: 51%
[22:49:01] [Server thread/INFO]: Time elapsed: 4373 ms
[22:49:01] [Server thread/INFO]: Done (10.250s)! For help, type "help"
